<?xml version="1.0" encoding="UTF-8"?>
<!-- Generated by org.testng.reporters.JUnitXMLReporter -->
<testsuite ignored="0" hostname="IMRAN" failures="1" tests="2" name="Parabank Test" time="7.267" errors="0" timestamp="2022-03-03T20:32:15 BDT">
  <testcase classname="com.parasoft.parabank.testCases.TC_LoginTest_001" name="loginTest" time="1.394"/>
  <testcase classname="com.parasoft.parabank.testCases.TC_LoginTest_001" name="loginTitle" time="0.113">
    <failure type="java.lang.AssertionError" message="expected [true] but found [false]">
      <![CDATA[java.lang.AssertionError: expected [true] but found [false]
at com.parasoft.parabank.testCases.TC_LoginTest_001.loginTitle(TC_LoginTest_001.java:33)
at java.base/java.util.ArrayList.forEach(ArrayList.java:1511)
... Removed 31 stack frames]]>
    </failure>
  </testcase> <!-- loginTitle -->
</testsuite> <!-- Parabank Test -->
