<?xml version="1.0" encoding="UTF-8"?>
<testng-results ignored="0" total="1" passed="0" failed="1" skipped="0">
  <reporter-output>
  </reporter-output>
  <suite started-at="2022-03-11T20:41:04 BDT" name="NopcommerceV1" finished-at="2022-03-11T20:41:15 BDT" duration-ms="11028">
    <groups>
    </groups>
    <test started-at="2022-03-11T20:41:04 BDT" name="Nopcommerce Test" finished-at="2022-03-11T20:41:15 BDT" duration-ms="11028">
      <class name="com.nopcommerce.admin.testCases.TC_ProductsTest_002">
        <test-method is-config="true" signature="setup(java.lang.String)[pri:0, instance:com.nopcommerce.admin.testCases.TC_ProductsTest_002@53aac487]" started-at="2022-03-11T20:41:05 BDT" name="setup" finished-at="2022-03-11T20:41:08 BDT" duration-ms="3439" status="PASS">
          <params>
            <param index="0">
              <value>
                <![CDATA[chrome]]>
              </value>
            </param>
          </params>
          <reporter-output>
          </reporter-output>
        </test-method> <!-- setup -->
        <test-method is-config="true" signature="login()[pri:0, instance:com.nopcommerce.admin.testCases.TC_ProductsTest_002@53aac487]" started-at="2022-03-11T20:41:08 BDT" name="login" finished-at="2022-03-11T20:41:13 BDT" duration-ms="5053" status="PASS">
          <reporter-output>
          </reporter-output>
        </test-method> <!-- login -->
        <test-method signature="createProduct()[pri:0, instance:com.nopcommerce.admin.testCases.TC_ProductsTest_002@53aac487]" started-at="2022-03-11T20:41:13 BDT" name="createProduct" finished-at="2022-03-11T20:41:15 BDT" duration-ms="2399" status="FAIL">
          <exception class="org.openqa.selenium.NoSuchFrameException">
            <message>
              <![CDATA[No frame element found by name or id FullDescription_ifr
Build info: version: '4.1.2', revision: '9a5a329c5a'
System info: host: 'IMRAN', ip: '192.168.0.100', os.name: 'Windows 10', os.arch: 'amd64', os.version: '10.0', java.version: '16.0.1'
Driver info: driver.version: unknown]]>
            </message>
            <full-stacktrace>
              <![CDATA[org.openqa.selenium.NoSuchFrameException: No frame element found by name or id FullDescription_ifr
Build info: version: '4.1.2', revision: '9a5a329c5a'
System info: host: 'IMRAN', ip: '192.168.0.100', os.name: 'Windows 10', os.arch: 'amd64', os.version: '10.0', java.version: '16.0.1'
Driver info: driver.version: unknown
at org.openqa.selenium.remote.RemoteWebDriver$RemoteTargetLocator.frame(RemoteWebDriver.java:1045)
at com.nopcommerce.admin.testCases.TC_ProductsTest_002.createProduct(TC_ProductsTest_002.java:38)
at java.base/jdk.internal.reflect.NativeMethodAccessorImpl.invoke0(Native Method)
at java.base/jdk.internal.reflect.NativeMethodAccessorImpl.invoke(NativeMethodAccessorImpl.java:78)
at java.base/jdk.internal.reflect.DelegatingMethodAccessorImpl.invoke(DelegatingMethodAccessorImpl.java:43)
at java.base/java.lang.reflect.Method.invoke(Method.java:567)
at org.testng.internal.invokers.MethodInvocationHelper.invokeMethod(MethodInvocationHelper.java:135)
at org.testng.internal.invokers.TestInvoker.invokeMethod(TestInvoker.java:673)
at org.testng.internal.invokers.TestInvoker.invokeTestMethod(TestInvoker.java:220)
at org.testng.internal.invokers.MethodRunner.runInSequence(MethodRunner.java:50)
at org.testng.internal.invokers.TestInvoker$MethodInvocationAgent.invoke(TestInvoker.java:945)
at org.testng.internal.invokers.TestInvoker.invokeTestMethods(TestInvoker.java:193)
at org.testng.internal.invokers.TestMethodWorker.invokeTestMethods(TestMethodWorker.java:146)
at org.testng.internal.invokers.TestMethodWorker.run(TestMethodWorker.java:128)
at java.base/java.util.ArrayList.forEach(ArrayList.java:1511)
at org.testng.TestRunner.privateRun(TestRunner.java:808)
at org.testng.TestRunner.run(TestRunner.java:603)
at org.testng.SuiteRunner.runTest(SuiteRunner.java:429)
at org.testng.SuiteRunner.runSequentially(SuiteRunner.java:423)
at org.testng.SuiteRunner.privateRun(SuiteRunner.java:383)
at org.testng.SuiteRunner.run(SuiteRunner.java:326)
at org.testng.SuiteRunnerWorker.runSuite(SuiteRunnerWorker.java:52)
at org.testng.SuiteRunnerWorker.run(SuiteRunnerWorker.java:95)
at org.testng.TestNG.runSuitesSequentially(TestNG.java:1249)
at org.testng.TestNG.runSuitesLocally(TestNG.java:1169)
at org.testng.TestNG.runSuites(TestNG.java:1092)
at org.testng.TestNG.run(TestNG.java:1060)
at org.testng.remote.AbstractRemoteTestNG.run(AbstractRemoteTestNG.java:115)
at org.testng.remote.RemoteTestNG.initAndRun(RemoteTestNG.java:251)
at org.testng.remote.RemoteTestNG.main(RemoteTestNG.java:77)
]]>
            </full-stacktrace>
          </exception> <!-- org.openqa.selenium.NoSuchFrameException -->
          <reporter-output>
          </reporter-output>
        </test-method> <!-- createProduct -->
        <test-method is-config="true" signature="tearDown()[pri:0, instance:com.nopcommerce.admin.testCases.TC_ProductsTest_002@53aac487]" started-at="2022-03-11T20:41:15 BDT" name="tearDown" finished-at="2022-03-11T20:41:15 BDT" duration-ms="0" status="PASS">
          <reporter-output>
          </reporter-output>
        </test-method> <!-- tearDown -->
      </class> <!-- com.nopcommerce.admin.testCases.TC_ProductsTest_002 -->
    </test> <!-- Nopcommerce Test -->
  </suite> <!-- NopcommerceV1 -->
</testng-results>
