<?xml version="1.0" encoding="UTF-8"?>
<testng-results ignored="0" total="1" passed="1" failed="0" skipped="0">
  <reporter-output>
  </reporter-output>
  <suite started-at="2022-03-03T17:23:31 BDT" name="Default suite" finished-at="2022-03-03T17:23:40 BDT" duration-ms="8588">
    <groups>
    </groups>
    <test started-at="2022-03-03T17:23:31 BDT" name="Default test" finished-at="2022-03-03T17:23:40 BDT" duration-ms="8588">
      <class name="com.parasoft.parabank.testCases.TC_LoginTest_001">
        <test-method is-config="true" signature="setup()[pri:0, instance:com.parasoft.parabank.testCases.TC_LoginTest_001@2d710f1a]" started-at="2022-03-03T17:23:31 BDT" name="setup" finished-at="2022-03-03T17:23:33 BDT" duration-ms="2112" status="PASS">
          <reporter-output>
          </reporter-output>
        </test-method> <!-- setup -->
        <test-method signature="LoginTest()[pri:0, instance:com.parasoft.parabank.testCases.TC_LoginTest_001@2d710f1a]" started-at="2022-03-03T17:23:33 BDT" name="LoginTest" finished-at="2022-03-03T17:23:40 BDT" duration-ms="6335" status="PASS">
          <reporter-output>
          </reporter-output>
        </test-method> <!-- LoginTest -->
        <test-method is-config="true" signature="tearDown()[pri:0, instance:com.parasoft.parabank.testCases.TC_LoginTest_001@2d710f1a]" started-at="2022-03-03T17:23:40 BDT" name="tearDown" finished-at="2022-03-03T17:23:40 BDT" duration-ms="118" status="PASS">
          <reporter-output>
          </reporter-output>
        </test-method> <!-- tearDown -->
      </class> <!-- com.parasoft.parabank.testCases.TC_LoginTest_001 -->
    </test> <!-- Default test -->
  </suite> <!-- Default suite -->
</testng-results>
